<?xml version="1.0" encoding="UTF-8"?>
<testsuite name="com.EndpointTest" tests="1" skipped="0" failures="0" errors="0" timestamp="2026-04-27T15:45:56.871Z" hostname="ASHWRENUJNITIKA" time="1.244">
  <properties/>
  <testcase name="callEndpoint()" classname="com.EndpointTest" time="1.2"/>
  <system-out><![CDATA[]]></system-out>
  <system-err><![CDATA[SLF4J: Failed to load class "org.slf4j.impl.StaticLoggerBinder".
SLF4J: Defaulting to no-operation (NOP) logger implementation
SLF4J: See http://www.slf4j.org/codes.html#StaticLoggerBinder for further details.
]]></system-err>
</testsuite>
